This is pdfTeX, Version 3.1415926-2.3-1.40.12 (TeX Live 2011) (format=pdflatex 2012.8.28)  7 DEC 2012 12:04
entering extended mode
 restricted \write18 enabled.
 %&-line parsing enabled.
**SoilRradiocarbon.tex
(/usr/share/texmf-dist/tex/latex/tools/x.tex
LaTeX2e <2009/09/24>
Babel <v3.8l> and hyphenation patterns for english, dumylang, nohyphenation, uk
english, usenglishmax, german-x-2009-06-19, ngerman-x-2009-06-19, german, ngerm
an, swissgerman, loaded.

! .
l.34   \batchmode \errmessage{}
                               \csname @@end\endcsname \end
This error message was generated by an \errmessage
command, so I can't give any explicit help.
Pretend that you're Hercule Poirot: Examine all clues,
and deduce the truth by order and method.

 ) 
Here is how much of TeX's memory you used:
 7 strings out of 494977
 230 string characters out of 3179721
 45289 words of memory out of 3000000
 3305 multiletter control sequences out of 15000+200000
 3640 words of font info for 14 fonts, out of 3000000 for 9000
 36 hyphenation exceptions out of 8191
 5i,0n,1p,100b,8s stack positions out of 5000i,500n,10000p,200000b,50000s

No pages of output.
PDF statistics:
 0 PDF objects out of 1000 (max. 8388607)
 0 named destinations out of 1000 (max. 500000)
 1 words of extra memory for PDF output out of 10000 (max. 10000000)

